2025-07-25 11:47:48.923494 | admin@example.com | Logged into admin panel
2025-07-25 11:48:38.403848 | raysan | Logged into admin panel
2025-07-25 11:49:01.442630 | raysan | Logged into admin panel
2025-07-25 11:51:15.522429 | raysan | Logged into admin panel
2025-07-25 11:53:46.156071 | user | Uploaded file: kmti_logo.png
2025-07-25 13:23:33.777743 | raysan | Logged into admin panel
2025-07-25 13:26:38.279272 | raysan | Logged into admin panel
2025-07-25 13:27:46.708203 | raysan | Logged into admin panel
2025-07-25 13:33:26.206614 | raysan | Logged into admin panel
2025-07-25 13:33:47.432620 | admin@example.com | Logged into admin panel
2025-07-25 13:51:57.101722 | raysan | Logged into admin panel
2025-07-25 13:53:28.140281 | raysan | Logged into admin panel
2025-07-25 14:26:43.982317 | raysan | Logged into admin panel
2025-07-25 14:59:03.383975 | raysan | Logged into admin panel
2025-07-25 14:59:15.560377 | raysan | Logged out
2025-07-25 14:59:22.496592 | raysan | Logged into admin panel
2025-07-25 14:59:33.624943 | raysan | Logged out
2025-07-25 14:59:39.903125 | raysan | Logged into admin panel
2025-07-25 15:01:11.799816 | raysan | Logged out
2025-07-25 15:01:21.665229 | raysan | Logged into admin panel
2025-07-25 15:02:00.184245 | raysan | Logged out
2025-07-25 15:02:30.937033 | raysan | Logged into admin panel
2025-07-25 15:02:32.695473 | raysan | Logged out
2025-07-25 15:02:34.039959 | raysan | Logged into admin panel
2025-07-25 15:02:36.455300 | raysan | Logged out
2025-07-25 15:02:39.326823 | raysan | Logged into admin panel
2025-07-25 15:02:40.575355 | raysan | Logged out
2025-07-25 15:02:46.359646 | raysan | Logged into admin panel
2025-07-25 15:02:49.687207 | raysan | Logged out
2025-07-25 15:09:56.814398 | raysan | Logged into admin panel
2025-07-25 15:10:19.644864 | raysan | Logged out
2025-07-25 15:10:26.246669 | raysan | Logged into admin panel
2025-07-25 15:10:27.412769 | raysan | Logged out
2025-07-25 15:13:13.890689 | raysan | Logged into admin panel
2025-07-25 15:13:17.763914 | raysan | Logged out
2025-07-25 15:20:30.071116 | raysan | Logged into admin panel
2025-07-25 15:20:31.154135 | raysan | Logged out
2025-07-25 15:32:11.654359 | raysan | Logged into admin panel
2025-07-25 15:32:15.077302 | raysan | Logged out
2025-07-25 15:33:00.036698 | raysan | Logged into admin panel
2025-07-25 15:33:16.004883 | raysan | Logged out
2025-07-25 15:33:19.788943 | raysan | Logged into admin panel
2025-07-25 15:40:34.918093 | raysan | Logged into admin panel
2025-07-25 15:40:45.866538 | raysan | Logged out
2025-07-25 15:40:59.412266 | raysan | Logged into admin panel
2025-07-25 15:41:08.671594 | raysan | Logged out
2025-07-25 15:44:16.667594 | raysan | Logged into admin panel
2025-07-25 15:44:18.817324 | raysan | Logged out
2025-07-25 15:55:21.495205 | raysan | Logged into admin panel
2025-07-25 15:55:24.101850 | raysan | Logged out
2025-07-25 15:59:55.729296 | raysan | Logged into admin panel
2025-07-25 15:59:57.835904 | raysan | Logged out
2025-07-25 16:00:07.643712 | raysan | Logged into admin panel
2025-07-25 16:00:08.883934 | raysan | Logged out
2025-07-29 07:20:41.124266 | raysan | Logged into admin panel
2025-07-29 07:20:46.812263 | raysan | Logged out
2025-07-29 07:23:44.837620 | raysan | Logged into admin panel
2025-07-29 07:24:16.732340 | raysan | Logged out
2025-07-29 07:37:13.689994 | raysan | Logged into admin panel
2025-07-29 07:38:18.123650 | raysan | Logged into admin panel
2025-07-29 07:52:25.959732 | raysan | Logged into admin panel
2025-07-29 07:52:54.197304 | raysan | Logged out
2025-07-29 08:01:47.451656 | raysan | Logged into admin panel
2025-07-29 08:01:56.661043 | raysan | Logged out
2025-07-29 08:02:34.919350 | raysan | Logged into admin panel
2025-07-29 08:03:02.101136 | raysan | Logged into admin panel
2025-07-29 08:04:45.350606 | raysan | Logged into admin panel
2025-07-29 08:07:47.612739 | raysan | Logged into admin panel
2025-07-29 08:10:28.343102 | raysan | Logged into admin panel
2025-07-29 08:12:27.044723 | raysan | Logged into admin panel
2025-07-29 08:13:15.556653 | raysan | Logged into admin panel
2025-07-29 08:17:38.500265 | raysan | Logged into admin panel
2025-07-29 08:19:25.877793 | raysan | Logged into admin panel
2025-07-29 08:20:03.077949 | raysan | Logged into admin panel
2025-07-29 08:21:02.526755 | raysan | Logged into admin panel
2025-07-29 08:23:36.182633 | raysan | Logged into admin panel
2025-07-29 08:27:13.781342 | raysan | Logged into admin panel
2025-07-29 08:27:51.135007 | raysan | Logged into admin panel
2025-07-29 08:29:50.677707 | raysan | Logged out
2025-07-29 08:33:18.774347 | raysan | Logged into admin panel
2025-07-29 08:38:56.798289 | raysan | Logged into admin panel
2025-07-29 08:42:42.835368 | raysan | Logged into admin panel
2025-07-29 08:45:59.566811 | raysan | Logged into admin panel
2025-07-29 08:51:15.942786 | raysan | Logged into admin panel
2025-07-29 08:52:32.550772 | raysan | Logged into admin panel
2025-07-29 08:54:02.862544 | raysan | Logged into admin panel
2025-07-29 08:55:18.126332 | raysan | Logged into admin panel
2025-07-29 08:56:02.732701 | raysan | Logged into admin panel
2025-07-29 08:56:10.624699 | raysan | Logged into admin panel
2025-07-29 08:59:34.943427 | raysan | Logged into admin panel
2025-07-29 09:00:59.317439 | raysan | Logged into admin panel
2025-07-29 09:01:21.389561 | raysan | Logged into admin panel
2025-07-29 09:02:36.255196 | raysan | Logged into admin panel
2025-07-29 09:03:05.263375 | raysan | Logged into admin panel
2025-07-29 09:03:55.054924 | raysan | Logged into admin panel
2025-07-29 09:05:29.126506 | raysan | Logged into admin panel
2025-07-29 09:05:41.554168 | raysan | Logged into admin panel
2025-07-29 09:06:40.381743 | raysan | Logged into admin panel
2025-07-29 09:06:50.412618 | raysan | Logged into admin panel
2025-07-29 09:08:49.048301 | raysan | Logged into admin panel
2025-07-29 09:08:57.089306 | raysan | Logged into admin panel
2025-07-29 09:09:13.869888 | raysan | Logged into admin panel
2025-07-29 09:10:32.623153 | raysan | Logged into admin panel
2025-07-29 09:13:00.983414 | raysan | Logged into admin panel
2025-07-29 09:16:18.823315 | raysan | Logged into admin panel
2025-07-29 09:20:38.288920 | raysan | Logged into admin panel
2025-07-29 09:38:22.666466 | raysan | Logged into admin panel
2025-07-29 09:44:20.536354 | raysan | Logged into admin panel
2025-07-29 09:48:59.978304 | raysan | Logged into admin panel
2025-07-29 09:52:51.713201 | raysan | Logged into admin panel
2025-07-29 09:53:22.223937 | raysan | Logged into admin panel
2025-07-29 10:04:01.939356 | raysan | Logged into admin panel
2025-07-29 10:07:51.520405 | raysan | Logged into admin panel
2025-07-29 10:11:58.784969 | raysan | Logged into admin panel
2025-07-29 10:13:38.825136 | raysan | Logged into admin panel
2025-07-29 10:13:51.313392 | raysan | Logged into admin panel
2025-07-29 10:16:19.201231 | raysan | Logged into admin panel
2025-07-29 10:16:33.592758 | raysan | Logged into admin panel
2025-07-29 10:18:18.620080 | raysan | Logged into admin panel
2025-07-29 10:22:57.839903 | raysan | Logged into admin panel
2025-07-29 10:25:38.601534 | raysan | Logged into admin panel
2025-07-29 10:26:35.618137 | raysan | Logged into admin panel
2025-07-29 10:29:19.961996 | raysan | Logged into admin panel
2025-07-29 10:32:48.266825 | raysan | Logged into admin panel
2025-07-29 10:35:56.433957 | raysan | Logged into admin panel
2025-07-29 10:39:07.762004 | raysan | Logged into admin panel
2025-07-29 10:44:19.219175 | raysan | Logged into admin panel
2025-07-29 10:46:23.218136 | raysan | Logged into admin panel
2025-07-29 10:46:55.873412 | raysan | Logged into admin panel
2025-07-29 10:48:47.314420 | raysan | Logged into admin panel
2025-07-29 10:49:11.386147 | raysan | Logged into admin panel
2025-07-29 10:49:37.553570 | raysan | Logged into admin panel
2025-07-29 10:55:57.617330 | raysan | Logged into admin panel
2025-07-29 10:56:45.444279 | raysan | Logged into admin panel
2025-07-29 10:58:13.609709 | raysan | Logged into admin panel
2025-07-29 10:59:51.289732 | raysan | Logged into admin panel
2025-07-29 11:01:06.994413 | raysan | Logged into admin panel
2025-07-29 11:02:03.986283 | raysan | Logged into admin panel
2025-07-29 11:02:40.987296 | raysan | Logged into admin panel
2025-07-29 11:03:01.338645 | raysan | Logged into admin panel
2025-07-29 11:08:10.410197 | raysan | Logged into admin panel
2025-07-29 11:13:17.946776 | raysan | Logged into admin panel
2025-07-29 11:15:44.715141 | raysan | Logged into admin panel
2025-07-29 11:19:18.106364 | raysan | Logged into admin panel
2025-07-29 11:19:42.499093 | raysan | Logged into admin panel
2025-07-29 11:20:20.139734 | raysan | Logged into admin panel
2025-07-29 11:21:20.370667 | raysan | Logged into admin panel
2025-07-29 11:23:26.563235 | raysan | Logged into admin panel
2025-07-29 11:25:09.699068 | raysan | Logged into admin panel
2025-07-29 11:26:11.091040 | raysan | Logged into admin panel
2025-07-29 11:35:41.890870 | raysan | Logged into admin panel
2025-07-29 11:39:13.163544 | raysan | Logged into admin panel
2025-07-29 11:41:59.797802 | raysan | Logged into admin panel
2025-07-29 11:43:02.477981 | raysan | Logged into admin panel
2025-07-29 11:47:37.723282 | raysan | Logged into admin panel
2025-07-29 11:48:51.812904 | raysan | Logged into admin panel
2025-07-29 11:49:29.485616 | raysan | Logged into admin panel
2025-07-29 11:52:11.852007 | raysan | Logged into admin panel
2025-07-29 13:07:25.686418 | raysan | Logged into admin panel
2025-07-29 13:11:10.307001 | raysan | Logged into admin panel
2025-07-29 13:12:07.684687 | raysan | Logged into admin panel
2025-07-29 13:12:40.767511 | raysan | Logged into admin panel
2025-07-29 13:15:10.196642 | raysan | Logged into admin panel
2025-07-29 13:16:45.430564 | raysan | Logged into admin panel
2025-07-29 13:18:34.203725 | raysan | Logged into admin panel
2025-07-29 13:23:45.533381 | raysan | Logged into admin panel
2025-07-29 13:24:16.652732 | raysan | Logged out
2025-07-29 13:30:54.143188 | raysan | Logged into admin panel
2025-07-29 13:31:06.701120 | raysan | Logged out
2025-07-29 13:31:12.381128 | raysan | Logged into admin panel
2025-07-29 13:32:36.614328 | raysan | Logged into admin panel
2025-07-29 13:33:46.374124 | raysan | Logged into admin panel
2025-07-29 13:34:49.326458 | raysan | Logged into admin panel
2025-07-29 13:41:14.078135 | raysan | Logged into admin panel
2025-07-29 13:43:25.445126 | raysan | Logged into admin panel
2025-07-29 13:44:06.518678 | raysan | Logged into admin panel
2025-07-29 13:44:23.222531 | raysan | Logged into admin panel
2025-07-29 13:44:42.310698 | raysan | Logged into admin panel
2025-07-29 13:45:41.455314 | raysan | Logged into admin panel
2025-07-29 13:46:27.885781 | raysan | Logged into admin panel
2025-07-29 13:47:00.416216 | raysan | Logged into admin panel
2025-07-29 13:47:33.654325 | raysan | Logged into admin panel
2025-07-29 13:47:53.150460 | raysan | Logged into admin panel
2025-07-29 13:49:06.525885 | raysan | Logged into admin panel
2025-07-29 13:50:04.224431 | raysan | Logged into admin panel
2025-07-29 13:50:36.861940 | raysan | Logged into admin panel
2025-07-29 13:50:58.286523 | raysan | Logged into admin panel
2025-07-29 13:51:52.319318 | raysan | Logged into admin panel
2025-07-29 13:54:02.224081 | raysan | Logged into admin panel
2025-07-29 13:56:40.310303 | raysan | Logged into admin panel
2025-07-29 13:57:41.150042 | raysan | Logged into admin panel
2025-07-29 13:59:31.094589 | raysan | Logged into admin panel
2025-07-29 14:03:39.797446 | raysan | Logged into admin panel
2025-07-29 14:04:53.529419 | raysan | Logged into admin panel
2025-07-29 14:09:41.224858 | raysan | Logged into admin panel
2025-07-29 14:09:54.581910 | raysan | Logged out
2025-07-29 14:10:13.145303 | raysan | Logged into admin panel
2025-07-29 14:15:35.180477 | raysan | Logged out
2025-07-29 14:16:05.314462 | raysan | Logged into admin panel
2025-07-29 14:23:32.920787 | raysan | Logged into admin panel
2025-07-29 14:24:42.351218 | raysan | Logged out
2025-07-29 14:26:51.417165 | raysan | Logged into admin panel
2025-07-29 14:27:40.726250 | raysan | Logged out
2025-07-29 14:28:12.401171 | raysan | Logged into admin panel
2025-07-29 15:52:00 |  |  | raysan | Logged into admin panel
2025-07-29 16:01:43 - Raysan Perez (raysan@example.com, ADMIN) - Logged in
2025-07-29 16:01:43 - Raysan Perez (raysan@example.com, ADMIN) - Logged into admin panel
2025-07-29 16:02:37 - Raysan Perez (raysan@example.com, ADMIN) - Opened Add User page
2025-07-29 16:02:49 - Raysan Perez (raysan@example.com, ADMIN) - Opened Add User page
2025-07-29 16:03:13 - Raysan Perez (raysan@example.com, ADMIN) - Added new user Test User (user@example.com) with role USER
2025-07-29 16:05:12 - Raysan Perez (raysan@example.com, ADMIN) - Logged in
2025-07-29 16:05:12 - Raysan Perez (raysan@example.com, ADMIN) - Logged into admin panel
2025-07-29 16:08:56 - Raysan Perez (raysan@example.com, ADMIN) - Logged in
2025-07-29 16:08:56 - Raysan Perez (raysan@example.com, ADMIN) - Logged into admin panel
2025-07-29 16:09:06 - Raysan Perez (raysan@example.com, ADMIN) - Deleted user user@example.com
2025-07-29 16:15:33 - Raysan Perez (raysan@example.com, ADMIN) - Opened Add User page
2025-07-29 16:15:38 - Raysan Perez (raysan@example.com, ADMIN) - Opened Reset Password page
2025-07-29 16:17:36 - Raysan Perez (raysan@example.com, ADMIN) - Logged into admin panel
2025-07-29 16:17:42 - Raysan Perez (raysan@example.com, ADMIN) - Opened Add User page
2025-07-29 16:18:01 - Raysan Perez (raysan@example.com, ADMIN) - Added new user 'user test' (test@example.com) with role 'USER'
2025-07-29 16:18:21 - Raysan Perez (raysan@example.com, ADMIN) - Opened Add User page
2025-07-29 16:18:28 - Raysan Perez (raysan@example.com, ADMIN) - Opened Reset Password page
2025-07-29 16:22:54 - Raysan Perez (raysan@example.com, ADMIN) - Logged into admin panel
2025-07-29 16:23:01 - Raysan Perez (raysan@example.com, ADMIN) - Opened Add User page
2025-07-29 16:23:26 - Raysan Perez (raysan@example.com, ADMIN) - Added new user user test (test@example.com) with role USER
2025-07-29 16:27:19 - Raysan Perez (raysan@example.com, ADMIN) - Logged into admin panel
2025-07-29 16:29:16 - Raysan Perez (raysan@example.com, ADMIN) - Logged into admin panel
2025-07-29 16:31:19 - Raysan Perez (raysan@example.com, ADMIN) - Logged into admin panel
2025-07-29 16:32:16 - Raysan Perez (raysan@example.com, ADMIN) - Logged into admin panel
2025-07-29 16:34:16 - Raysan Perez (raysan@example.com, ADMIN) - Logged into admin panel
2025-07-29 16:34:20 - Raysan Perez (raysan@example.com, ADMIN) - Logged out from admin panel
2025-07-29 16:34:21 - Raysan Perez (raysan@example.com, ADMIN) - Logged out from admin panel
2025-07-29 16:34:21 - Raysan Perez (raysan@example.com, ADMIN) - Logged out from admin panel
2025-07-29 16:34:22 - Raysan Perez (raysan@example.com, ADMIN) - Logged out from admin panel
2025-07-29 16:34:22 - Raysan Perez (raysan@example.com, ADMIN) - Logged out from admin panel
2025-07-29 16:34:22 - Raysan Perez (raysan@example.com, ADMIN) - Logged out from admin panel
2025-07-29 16:34:23 - Raysan Perez (raysan@example.com, ADMIN) - Logged out from admin panel
2025-07-29 16:34:23 - Raysan Perez (raysan@example.com, ADMIN) - Logged out from admin panel
2025-07-29 16:34:51 - Raysan Perez (raysan@example.com, ADMIN) - Logged out from admin panel
2025-07-29 16:35:39 - Raysan Perez (raysan@example.com, ADMIN) - Logged into admin panel
2025-07-29 16:36:49 - Raysan Perez (raysan@example.com, ADMIN) - Logged into admin panel
2025-07-29 16:36:50 - Raysan Perez (raysan@example.com, ADMIN) - Logged out from admin panel
2025-07-29 16:36:51 - Raysan Perez (raysan@example.com, ADMIN) - Logged out from admin panel
2025-07-29 16:36:59 - Raysan Perez (raysan@example.com, ADMIN) - Logged out from admin panel
2025-07-29 16:36:59 - Raysan Perez (raysan@example.com, ADMIN) - Logged out from admin panel
2025-07-29 16:36:59 - Raysan Perez (raysan@example.com, ADMIN) - Logged out from admin panel
2025-07-29 16:37:00 - Raysan Perez (raysan@example.com, ADMIN) - Logged out from admin panel
2025-07-29 16:37:00 - Raysan Perez (raysan@example.com, ADMIN) - Logged out from admin panel
2025-07-29 16:37:01 - Raysan Perez (raysan@example.com, ADMIN) - Logged out from admin panel
2025-07-29 16:37:01 - Raysan Perez (raysan@example.com, ADMIN) - Logged out from admin panel
2025-07-29 16:37:01 - Raysan Perez (raysan@example.com, ADMIN) - Logged out from admin panel
2025-07-29 16:37:01 - Raysan Perez (raysan@example.com, ADMIN) - Logged out from admin panel
2025-07-29 16:37:01 - Raysan Perez (raysan@example.com, ADMIN) - Logged out from admin panel
2025-07-29 16:37:05 - Raysan Perez (raysan@example.com, ADMIN) - Logged out from admin panel
2025-07-29 16:37:05 - Raysan Perez (raysan@example.com, ADMIN) - Logged out from admin panel
2025-07-29 16:37:05 - Raysan Perez (raysan@example.com, ADMIN) - Logged out from admin panel
2025-07-29 16:37:05 - Raysan Perez (raysan@example.com, ADMIN) - Logged out from admin panel
2025-07-29 16:37:06 - Raysan Perez (raysan@example.com, ADMIN) - Logged out from admin panel
2025-07-29 16:37:06 - Raysan Perez (raysan@example.com, ADMIN) - Logged out from admin panel
2025-07-29 16:37:08 - Raysan Perez (raysan@example.com, ADMIN) - Logged out from admin panel
2025-07-29 16:37:08 - Raysan Perez (raysan@example.com, ADMIN) - Logged out from admin panel
2025-07-29 16:37:08 - Raysan Perez (raysan@example.com, ADMIN) - Logged out from admin panel
2025-07-29 16:37:09 - Raysan Perez (raysan@example.com, ADMIN) - Logged out from admin panel
2025-07-29 16:37:57 - Raysan Perez (raysan@example.com, ADMIN) - Logged into admin panel
2025-07-29 16:37:59 - Raysan Perez (raysan@example.com, ADMIN) - Logged out from admin panel
2025-07-29 16:38:00 - Raysan Perez (raysan@example.com, ADMIN) - Logged out from admin panel
2025-07-29 16:38:00 - Raysan Perez (raysan@example.com, ADMIN) - Logged out from admin panel
2025-07-29 16:38:00 - Raysan Perez (raysan@example.com, ADMIN) - Logged out from admin panel
2025-07-29 16:38:01 - Raysan Perez (raysan@example.com, ADMIN) - Logged out from admin panel
2025-07-29 16:38:01 - Raysan Perez (raysan@example.com, ADMIN) - Logged out from admin panel
2025-07-29 16:39:52 - Raysan Perez (raysan@example.com, ADMIN) - Logged into admin panel
2025-07-29 16:39:55 - Raysan Perez (raysan@example.com, ADMIN) - Logged out from admin panel
2025-07-29 16:39:56 - Raysan Perez (raysan@example.com, ADMIN) - Logged out from admin panel
2025-07-29 16:39:57 - Raysan Perez (raysan@example.com, ADMIN) - Logged out from admin panel
2025-07-29 16:39:57 - Raysan Perez (raysan@example.com, ADMIN) - Logged out from admin panel
2025-07-29 16:40:01 - Raysan Perez (raysan@example.com, ADMIN) - Logged out from admin panel
2025-07-29 16:40:02 - Raysan Perez (raysan@example.com, ADMIN) - Logged out from admin panel
2025-07-29 16:40:02 - Raysan Perez (raysan@example.com, ADMIN) - Logged out from admin panel
2025-07-29 16:41:38 - Raysan Perez (raysan@example.com, ADMIN) - Logged into admin panel
2025-07-29 16:41:41 - Raysan Perez (raysan@example.com, ADMIN) - Logged out from admin panel
2025-07-29 16:41:42 - Raysan Perez (raysan@example.com, ADMIN) - Logged out from admin panel
2025-07-29 16:41:42 - Raysan Perez (raysan@example.com, ADMIN) - Logged out from admin panel
2025-07-29 16:41:42 - Raysan Perez (raysan@example.com, ADMIN) - Logged out from admin panel
2025-07-29 16:41:42 - Raysan Perez (raysan@example.com, ADMIN) - Logged out from admin panel
2025-07-29 16:41:42 - Raysan Perez (raysan@example.com, ADMIN) - Logged out from admin panel
2025-07-29 16:41:43 - Raysan Perez (raysan@example.com, ADMIN) - Logged out from admin panel
2025-07-29 16:41:43 - Raysan Perez (raysan@example.com, ADMIN) - Logged out from admin panel
2025-07-29 16:43:57 - Raysan Perez (raysan@example.com, ADMIN) - Logged into admin panel
2025-07-29 16:47:13 - Raysan Perez (raysan@example.com, ADMIN) - Logged into admin panel
2025-07-29 16:54:42 - Raysan Perez (raysan@example.com, ADMIN) - Logged into admin panel
2025-07-29 16:54:44 - Raysan Perez (raysan@example.com, ADMIN) - Logged out from admin panel
2025-07-29 16:55:11 - Raysan Perez (raysan@example.com, ADMIN) - Logged into admin panel
2025-07-29 16:55:12 - Raysan Perez (raysan@example.com, ADMIN) - Logged out from admin panel
2025-07-29 16:55:13 - Raysan Perez (raysan@example.com, ADMIN) - Logged out from admin panel
2025-07-29 16:55:31 - Raysan Perez (raysan@example.com, ADMIN) - Logged into admin panel
2025-07-29 16:56:16 - Raysan Perez (raysan@example.com, ADMIN) - Logged into admin panel
2025-07-29 16:56:17 - Raysan Perez (raysan@example.com, ADMIN) - Logged out
2025-07-29 16:56:23 - Raysan Perez (raysan@example.com, ADMIN) - Logged into admin panel
2025-07-29 16:56:28 - Raysan Perez (raysan@example.com, ADMIN) - Opened Add User page
2025-07-29 16:56:29 - Raysan Perez (raysan@example.com, ADMIN) - Opened Reset Password page
2025-07-29 16:56:33 - Raysan Perez (raysan@example.com, ADMIN) - Opened Add User page
2025-07-29 16:56:34 - Raysan Perez (raysan@example.com, ADMIN) - Opened Reset Password page
2025-07-29 16:57:07 - Raysan Perez (raysan@example.com, ADMIN) - Logged out
2025-07-29 16:58:04 - Raysan Perez (raysan@example.com, ADMIN) - Logged into admin panel
2025-07-29 16:58:19 - Raysan Perez (raysan@example.com, ADMIN) - Opened Add User page
2025-07-29 17:01:03 - Raysan Perez (raysan@example.com, ADMIN) - Logged into admin panel
2025-07-29 17:03:13 - Raysan Perez (raysan@example.com, ADMIN) - Logged into admin panel
2025-07-29 17:03:25 - Raysan Perez (raysan@example.com, ADMIN) - Logged out
2025-07-29 17:03:52 - Raysan Perez (raysan@example.com, ADMIN) - Logged into admin panel
2025-07-29 17:04:53 - Raysan Perez (raysan@example.com, ADMIN) - Logged out
2025-07-29 17:05:40 - Raysan Perez (raysan@example.com, ADMIN) - Logged into admin panel
2025-07-29 17:05:49 - Raysan Perez (raysan@example.com, ADMIN) - Logged out
2025-07-29 17:05:56 - Raysan Perez (raysan@example.com, ADMIN) - Logged into admin panel
2025-07-29 17:06:09 - Raysan Perez (raysan@example.com, ADMIN) - Logged into admin panel
2025-07-29 17:07:04 - Raysan Perez (raysan@example.com, ADMIN) - Logged into admin panel
2025-07-29 17:07:09 - Raysan Perez (raysan@example.com, ADMIN) - Logged out
2025-07-29 17:07:15 - Raysan Perez (raysan@example.com, ADMIN) - Logged into admin panel
2025-07-29 17:07:24 - Raysan Perez (raysan@example.com, ADMIN) - Logged out
